<?xml version="1.0" encoding="UTF-8"?>
<testng-results ignored="9" total="10" passed="1" failed="0" skipped="0">
  <reporter-output>
  </reporter-output>
  <suite started-at="2024-06-04T06:32:21Z" name="Default suite" finished-at="2024-06-04T06:32:38Z" duration-ms="17221">
    <groups>
    </groups>
    <test started-at="2024-06-04T06:32:21Z" name="Default test" finished-at="2024-06-04T06:32:38Z" duration-ms="17221">
      <class name="com.HMS.LifeLink.DoctorTest">
        <test-method is-config="true" signature="configBS()[pri:0, instance:com.HMS.LifeLink.DoctorTest@1df8da7a]" started-at="2024-06-04T06:32:21Z" name="configBS" finished-at="2024-06-04T06:32:21Z" duration-ms="37" status="PASS">
          <reporter-output>
          </reporter-output>
        </test-method> <!-- configBS -->
        <test-method is-config="true" signature="configBC()[pri:0, instance:com.HMS.LifeLink.DoctorTest@1df8da7a]" started-at="2024-06-04T06:32:21Z" name="configBC" finished-at="2024-06-04T06:32:25Z" duration-ms="3467" status="PASS">
          <reporter-output>
          </reporter-output>
        </test-method> <!-- configBC -->
        <test-method signature="SearchPatientAndAddMedicalHistory()[pri:0, instance:com.HMS.LifeLink.DoctorTest@1df8da7a]" started-at="2024-06-04T06:32:25Z" name="SearchPatientAndAddMedicalHistory" finished-at="2024-06-04T06:32:38Z" duration-ms="13290" status="PASS">
          <reporter-output>
          </reporter-output>
        </test-method> <!-- SearchPatientAndAddMedicalHistory -->
        <test-method is-config="true" signature="configAC()[pri:0, instance:com.HMS.LifeLink.DoctorTest@1df8da7a]" started-at="2024-06-04T06:32:38Z" name="configAC" finished-at="2024-06-04T06:32:38Z" duration-ms="395" status="PASS">
          <reporter-output>
          </reporter-output>
        </test-method> <!-- configAC -->
        <test-method is-config="true" signature="configAS()[pri:0, instance:com.HMS.LifeLink.DoctorTest@1df8da7a]" started-at="2024-06-04T06:32:38Z" name="configAS" finished-at="2024-06-04T06:32:38Z" duration-ms="0" status="PASS">
          <reporter-output>
          </reporter-output>
        </test-method> <!-- configAS -->
      </class> <!-- com.HMS.LifeLink.DoctorTest -->
    </test> <!-- Default test -->
  </suite> <!-- Default suite -->
</testng-results>
