<?xml version="1.0" encoding="UTF-8"?>
<testng-results ignored="0" total="1" passed="1" failed="0" skipped="0">
  <reporter-output>
    <line>
      <![CDATA[Dr. Robert Downey Jr. is successfully added]]>
    </line>
  </reporter-output>
  <suite started-at="2024-06-04T16:13:02Z" name="Default suite" finished-at="2024-06-04T16:13:15Z" duration-ms="13493">
    <groups>
    </groups>
    <test started-at="2024-06-04T16:13:02Z" name="Default test" finished-at="2024-06-04T16:13:15Z" duration-ms="13493">
      <class name="endToEnd_Scripts.AddDoctorAndVerifyDoctorLogin">
        <test-method is-config="true" signature="configBS()[pri:0, instance:endToEnd_Scripts.AddDoctorAndVerifyDoctorLogin@141e5bef]" started-at="2024-06-04T16:13:02Z" name="configBS" finished-at="2024-06-04T16:13:02Z" duration-ms="56" status="PASS">
          <reporter-output>
          </reporter-output>
        </test-method> <!-- configBS -->
        <test-method is-config="true" signature="configBC()[pri:0, instance:endToEnd_Scripts.AddDoctorAndVerifyDoctorLogin@141e5bef]" started-at="2024-06-04T16:13:02Z" name="configBC" finished-at="2024-06-04T16:13:04Z" duration-ms="2108" status="PASS">
          <reporter-output>
          </reporter-output>
        </test-method> <!-- configBC -->
        <test-method signature="verifyDoctorLogin()[pri:0, instance:endToEnd_Scripts.AddDoctorAndVerifyDoctorLogin@141e5bef]" started-at="2024-06-04T16:13:04Z" name="verifyDoctorLogin" finished-at="2024-06-04T16:13:15Z" duration-ms="11075" status="PASS">
          <reporter-output>
            <line>
              <![CDATA[Dr. Robert Downey Jr. is successfully added]]>
            </line>
          </reporter-output>
        </test-method> <!-- verifyDoctorLogin -->
        <test-method is-config="true" signature="configAM()[pri:0, instance:endToEnd_Scripts.AddDoctorAndVerifyDoctorLogin@141e5bef]" started-at="2024-06-04T16:13:15Z" name="configAM" finished-at="2024-06-04T16:13:15Z" duration-ms="0" status="PASS">
          <reporter-output>
          </reporter-output>
        </test-method> <!-- configAM -->
        <test-method is-config="true" signature="configAC()[pri:0, instance:endToEnd_Scripts.AddDoctorAndVerifyDoctorLogin@141e5bef]" started-at="2024-06-04T16:13:15Z" name="configAC" finished-at="2024-06-04T16:13:15Z" duration-ms="281" status="PASS">
          <reporter-output>
          </reporter-output>
        </test-method> <!-- configAC -->
        <test-method is-config="true" signature="configAS()[pri:0, instance:endToEnd_Scripts.AddDoctorAndVerifyDoctorLogin@141e5bef]" started-at="2024-06-04T16:13:16Z" name="configAS" finished-at="2024-06-04T16:13:16Z" duration-ms="0" status="PASS">
          <reporter-output>
          </reporter-output>
        </test-method> <!-- configAS -->
      </class> <!-- endToEnd_Scripts.AddDoctorAndVerifyDoctorLogin -->
    </test> <!-- Default test -->
  </suite> <!-- Default suite -->
</testng-results>
