<?xml version="1.0" encoding="UTF-8"?>
<!-- Generated by org.testng.reporters.JUnitXMLReporter -->
<testsuite ignored="9" hostname="DESKTOP-CE4NKRB" failures="0" tests="1" name="Default test" time="17.221" errors="0" timestamp="04 Jun 2024 06:32:38 GMT">
  <testcase classname="com.HMS.LifeLink.DoctorTest" name="SearchPatientAndAddMedicalHistory" time="13.29"/>
  <testcase classname="com.HMS.LifeLink.DoctorTest" name="Doctor_editpatientDetailes" time="0.0">
    <ignored/>
  </testcase> <!-- Doctor_editpatientDetailes -->
  <testcase classname="com.HMS.LifeLink.DoctorTest" name="addPatientAndSearchPatientTest" time="0.0">
    <ignored/>
  </testcase> <!-- addPatientAndSearchPatientTest -->
  <testcase classname="com.HMS.LifeLink.DoctorTest" name="Doctor_searchpatientTest" time="0.0">
    <ignored/>
  </testcase> <!-- Doctor_searchpatientTest -->
  <testcase classname="com.HMS.LifeLink.DoctorTest" name="change_PasswordTest" time="0.0">
    <ignored/>
  </testcase> <!-- change_PasswordTest -->
  <testcase classname="com.HMS.LifeLink.DoctorTest" name="Doctor__appointmentHistoryTest" time="0.0">
    <ignored/>
  </testcase> <!-- Doctor__appointmentHistoryTest -->
  <testcase classname="com.HMS.LifeLink.DoctorTest" name="Doctor_AddMedicalHistoryTest" time="0.0">
    <ignored/>
  </testcase> <!-- Doctor_AddMedicalHistoryTest -->
  <testcase classname="com.HMS.LifeLink.DoctorTest" name="Doctor_Cancel_appointmentHistoryTest" time="0.0">
    <ignored/>
  </testcase> <!-- Doctor_Cancel_appointmentHistoryTest -->
  <testcase classname="com.HMS.LifeLink.DoctorTest" name="Doctor_addPatientTest" time="0.0">
    <ignored/>
  </testcase> <!-- Doctor_addPatientTest -->
  <testcase classname="com.HMS.LifeLink.DoctorTest" name="Doctor_updateProfileTest" time="0.0">
    <ignored/>
  </testcase> <!-- Doctor_updateProfileTest -->
</testsuite> <!-- Default test -->
